<?xml version="1.0" encoding="utf-8"?><testsuites name="pytest tests"><testsuite name="pytest" errors="0" failures="1" skipped="0" tests="2" time="1.591" timestamp="2026-09-26T05:45:02.099625+00:00" hostname="agent-env-45bb360d-c6df-4242-a3f3-73e2f3805576"><testcase classname="tests.test_demo_flow" name="test_demo_golden_path_and_controlled_errors" time="0.912" /><testcase classname="tests.test_demo_flow" name="test_public_unissued_default_identifier_is_not_valid" time="0.121"><failure message="AssertionError: assert 'valid' == 'unverifiable'&#10;  &#10;  - unverifiable&#10;  + valid">backend/tests/test_demo_flow.py:41: in test_public_unissued_default_identifier_is_not_valid
    assert response.json()["status"] == "unverifiable"
E   AssertionError: assert 'valid' == 'unverifiable'
E     
E     - unverifiable
E     + valid</failure></testcase></testsuite></testsuites>